<?xml version="1.0" encoding="UTF-8"?>
<!-- Generated by org.testng.reporters.JUnitReportReporter -->
<testsuite hostname="WIN-7IQ2U8VR53C" name="com.snow.testng.TestEmployeeDetails" tests="2" failures="0" timestamp="23 Jun 2014 12:02:41 GMT" time="0.007" errors="0">
  <testcase name="testCalculateAppriasal" time="0.003" classname="com.snow.testng.TestEmployeeDetails"/>
  <testcase name="testCalculateYearlySalary" time="0.004" classname="com.snow.testng.TestEmployeeDetails"/>
</testsuite> <!-- com.snow.testng.TestEmployeeDetails -->
