<?xml version="1.0" encoding="UTF-8"?>
<!-- Generated by org.testng.reporters.JUnitReportReporter -->
<testsuite hostname="WIN-7IQ2U8VR53C" name="com.snow.testng.TestngAnnotation" tests="2" failures="0" timestamp="23 Jun 2014 12:02:41 GMT" time="0.001" errors="0">
  <testcase name="testCase1" time="0.000" classname="com.snow.testng.TestngAnnotation"/>
  <testcase name="testCase2" time="0.001" classname="com.snow.testng.TestngAnnotation"/>
</testsuite> <!-- com.snow.testng.TestngAnnotation -->
